<?xml version="1.0" encoding="UTF-8"?>
<!-- Generated by org.testng.reporters.JUnitXMLReporter -->
<testsuite ignored="2" hostname="DESKTOP-4DO5TI3" failures="0" tests="3" name="Test" time="52.125" errors="0" timestamp="2024-07-29T12:38:28 IST">
  <testcase classname="com.comcast.crm.contacttest.createcontactTest" name="createcontactdate" time="9.146"/>
  <testcase classname="com.comcast.crm.contacttest.createcontactTest" name="createcontactdeatils" time="9.273"/>
  <testcase classname="com.comcast.crm.orgtest.createorgTest" name="createorg" time="6.039"/>
  <testcase classname="com.crmcast.crm.baseclass.Baseclass" name="@AfterSuite configAS" time="0.0">
    <ignored/>
  </testcase> <!-- @AfterSuite configAS -->
  <testcase classname="com.crmcast.crm.baseclass.Baseclass" name="@BeforeSuite configBS" time="0.0">
    <ignored/>
  </testcase> <!-- @BeforeSuite configBS -->
</testsuite> <!-- Test -->
