<?xml version="1.0" encoding="UTF-8"?>
<!-- Generated by org.testng.reporters.JUnitXMLReporter -->
<testsuite ignored="1" hostname="DESKTOP-4DO5TI3" failures="0" tests="1" name="Default test" time="27.308" errors="0" timestamp="2024-07-24T15:22:44 IST">
  <testcase classname="com.comcast.crm.contacttest.createcontactTest" name="createcontactdeatils" time="14.014"/>
  <testcase classname="com.comcast.crm.contacttest.createcontactTest" name="createcontactdate" time="0.0">
    <ignored/>
  </testcase> <!-- createcontactdate -->
</testsuite> <!-- Default test -->
