<?xml version="1.0" encoding="UTF-8"?>
<testng-results ignored="2" total="5" passed="3" failed="0" skipped="0">
  <reporter-output>
  </reporter-output>
  <suite started-at="2024-07-29T12:37:35 IST" name="Suite" finished-at="2024-07-29T12:38:28 IST" duration-ms="52125">
    <groups>
    </groups>
    <test started-at="2024-07-29T12:37:35 IST" name="Test" finished-at="2024-07-29T12:38:28 IST" duration-ms="52125">
      <class name="com.comcast.crm.orgtest.createorgTest">
        <test-method is-config="true" signature="configBC()[pri:0, instance:com.comcast.crm.orgtest.createorgTest@158d2680]" started-at="2024-07-29T12:38:13 IST" name="configBC" finished-at="2024-07-29T12:38:14 IST" duration-ms="1308" status="PASS">
          <reporter-output>
          </reporter-output>
        </test-method> <!-- configBC -->
        <test-method is-config="true" signature="configBM()[pri:0, instance:com.comcast.crm.orgtest.createorgTest@158d2680]" started-at="2024-07-29T12:38:14 IST" name="configBM" finished-at="2024-07-29T12:38:17 IST" duration-ms="3372" status="PASS">
          <reporter-output>
          </reporter-output>
        </test-method> <!-- configBM -->
        <test-method signature="createorg()[pri:0, instance:com.comcast.crm.orgtest.createorgTest@158d2680]" started-at="2024-07-29T12:38:17 IST" name="createorg" finished-at="2024-07-29T12:38:23 IST" duration-ms="6039" status="PASS">
          <reporter-output>
          </reporter-output>
        </test-method> <!-- createorg -->
        <test-method is-config="true" signature="configAM()[pri:0, instance:com.comcast.crm.orgtest.createorgTest@158d2680]" started-at="2024-07-29T12:38:23 IST" name="configAM" finished-at="2024-07-29T12:38:27 IST" duration-ms="3829" status="PASS">
          <reporter-output>
          </reporter-output>
        </test-method> <!-- configAM -->
        <test-method is-config="true" signature="configAC()[pri:0, instance:com.comcast.crm.orgtest.createorgTest@158d2680]" started-at="2024-07-29T12:38:27 IST" name="configAC" finished-at="2024-07-29T12:38:28 IST" duration-ms="311" status="PASS">
          <reporter-output>
          </reporter-output>
        </test-method> <!-- configAC -->
      </class> <!-- com.comcast.crm.orgtest.createorgTest -->
      <class name="com.comcast.crm.contacttest.createcontactTest">
        <test-method is-config="true" signature="configBS()[pri:0, instance:com.comcast.crm.contacttest.createcontactTest@1d2adfbe]" started-at="2024-07-29T12:37:35 IST" name="configBS" finished-at="2024-07-29T12:37:35 IST" duration-ms="353" status="PASS">
          <reporter-output>
          </reporter-output>
        </test-method> <!-- configBS -->
        <test-method is-config="true" signature="configBC()[pri:0, instance:com.comcast.crm.contacttest.createcontactTest@1d2adfbe]" started-at="2024-07-29T12:37:35 IST" name="configBC" finished-at="2024-07-29T12:37:39 IST" duration-ms="3153" status="PASS">
          <reporter-output>
          </reporter-output>
        </test-method> <!-- configBC -->
        <test-method is-config="true" signature="configBM()[pri:0, instance:com.comcast.crm.contacttest.createcontactTest@1d2adfbe]" started-at="2024-07-29T12:37:39 IST" name="configBM" finished-at="2024-07-29T12:37:42 IST" duration-ms="3643" status="PASS">
          <reporter-output>
          </reporter-output>
        </test-method> <!-- configBM -->
        <test-method signature="createcontactdate()[pri:0, instance:com.comcast.crm.contacttest.createcontactTest@1d2adfbe]" started-at="2024-07-29T12:37:42 IST" name="createcontactdate" finished-at="2024-07-29T12:37:51 IST" duration-ms="9146" status="PASS">
          <reporter-output>
          </reporter-output>
        </test-method> <!-- createcontactdate -->
        <test-method is-config="true" signature="configAM()[pri:0, instance:com.comcast.crm.contacttest.createcontactTest@1d2adfbe]" started-at="2024-07-29T12:37:51 IST" name="configAM" finished-at="2024-07-29T12:37:56 IST" duration-ms="4284" status="PASS">
          <reporter-output>
          </reporter-output>
        </test-method> <!-- configAM -->
        <test-method is-config="true" signature="configBM()[pri:0, instance:com.comcast.crm.contacttest.createcontactTest@1d2adfbe]" started-at="2024-07-29T12:37:56 IST" name="configBM" finished-at="2024-07-29T12:37:59 IST" duration-ms="3085" status="PASS">
          <reporter-output>
          </reporter-output>
        </test-method> <!-- configBM -->
        <test-method signature="createcontactdeatils()[pri:0, instance:com.comcast.crm.contacttest.createcontactTest@1d2adfbe]" started-at="2024-07-29T12:37:59 IST" name="createcontactdeatils" finished-at="2024-07-29T12:38:08 IST" duration-ms="9273" status="PASS">
          <reporter-output>
          </reporter-output>
        </test-method> <!-- createcontactdeatils -->
        <test-method is-config="true" signature="configAM()[pri:0, instance:com.comcast.crm.contacttest.createcontactTest@1d2adfbe]" started-at="2024-07-29T12:38:08 IST" name="configAM" finished-at="2024-07-29T12:38:12 IST" duration-ms="4266" status="PASS">
          <reporter-output>
          </reporter-output>
        </test-method> <!-- configAM -->
        <test-method is-config="true" signature="configAC()[pri:0, instance:com.comcast.crm.contacttest.createcontactTest@1d2adfbe]" started-at="2024-07-29T12:38:12 IST" name="configAC" finished-at="2024-07-29T12:38:13 IST" duration-ms="361" status="PASS">
          <reporter-output>
          </reporter-output>
        </test-method> <!-- configAC -->
        <test-method is-config="true" signature="configAS()[pri:0, instance:com.comcast.crm.contacttest.createcontactTest@1d2adfbe]" started-at="2024-07-29T12:38:28 IST" name="configAS" finished-at="2024-07-29T12:38:28 IST" duration-ms="0" status="PASS">
          <reporter-output>
          </reporter-output>
        </test-method> <!-- configAS -->
      </class> <!-- com.comcast.crm.contacttest.createcontactTest -->
    </test> <!-- Test -->
  </suite> <!-- Suite -->
</testng-results>
