<?xml version="1.0" encoding="UTF-8"?>
<testng-results ignored="1" total="2" passed="1" failed="0" skipped="0">
  <reporter-output>
  </reporter-output>
  <suite started-at="2024-07-24T15:22:16 IST" name="Default suite" finished-at="2024-07-24T15:22:44 IST" duration-ms="27308">
    <groups>
    </groups>
    <test started-at="2024-07-24T15:22:16 IST" name="Default test" finished-at="2024-07-24T15:22:44 IST" duration-ms="27308">
      <class name="com.comcast.crm.contacttest.createcontactTest">
        <test-method is-config="true" signature="configBS()[pri:0, instance:com.comcast.crm.contacttest.createcontactTest@8f4ea7c]" started-at="2024-07-24T15:22:16 IST" name="configBS" finished-at="2024-07-24T15:22:16 IST" duration-ms="306" status="PASS">
          <reporter-output>
          </reporter-output>
        </test-method> <!-- configBS -->
        <test-method is-config="true" signature="configBC()[pri:0, instance:com.comcast.crm.contacttest.createcontactTest@8f4ea7c]" started-at="2024-07-24T15:22:16 IST" name="configBC" finished-at="2024-07-24T15:22:19 IST" duration-ms="2317" status="PASS">
          <reporter-output>
          </reporter-output>
        </test-method> <!-- configBC -->
        <test-method is-config="true" signature="configBM()[pri:0, instance:com.comcast.crm.contacttest.createcontactTest@8f4ea7c]" started-at="2024-07-24T15:22:19 IST" name="configBM" finished-at="2024-07-24T15:22:24 IST" duration-ms="5330" status="PASS">
          <reporter-output>
          </reporter-output>
        </test-method> <!-- configBM -->
        <test-method signature="createcontactdeatils()[pri:0, instance:com.comcast.crm.contacttest.createcontactTest@8f4ea7c]" started-at="2024-07-24T15:22:24 IST" name="createcontactdeatils" finished-at="2024-07-24T15:22:38 IST" duration-ms="14014" status="PASS">
          <reporter-output>
          </reporter-output>
        </test-method> <!-- createcontactdeatils -->
        <test-method is-config="true" signature="configAM()[pri:0, instance:com.comcast.crm.contacttest.createcontactTest@8f4ea7c]" started-at="2024-07-24T15:22:38 IST" name="configAM" finished-at="2024-07-24T15:22:43 IST" duration-ms="5300" status="PASS">
          <reporter-output>
          </reporter-output>
        </test-method> <!-- configAM -->
        <test-method is-config="true" signature="configAC()[pri:0, instance:com.comcast.crm.contacttest.createcontactTest@8f4ea7c]" started-at="2024-07-24T15:22:43 IST" name="configAC" finished-at="2024-07-24T15:22:44 IST" duration-ms="303" status="PASS">
          <reporter-output>
          </reporter-output>
        </test-method> <!-- configAC -->
        <test-method is-config="true" signature="configAS()[pri:0, instance:com.comcast.crm.contacttest.createcontactTest@8f4ea7c]" started-at="2024-07-24T15:22:44 IST" name="configAS" finished-at="2024-07-24T15:22:44 IST" duration-ms="1" status="PASS">
          <reporter-output>
          </reporter-output>
        </test-method> <!-- configAS -->
      </class> <!-- com.comcast.crm.contacttest.createcontactTest -->
    </test> <!-- Default test -->
  </suite> <!-- Default suite -->
</testng-results>
